<?xml version="1.0" encoding="UTF-8" ?>
<testsuite tests="16" failures="0" name="orzechp.coding.exercises.FizzBuzzTest" time="0.014" errors="0" skipped="0">
  <properties>
    <property name="java.runtime.name" value="Java(TM) SE Runtime Environment"/>
    <property name="sun.boot.library.path" value="C:\opt\jdk8u74\jre\bin"/>
    <property name="java.vm.version" value="25.74-b02"/>
    <property name="java.vm.vendor" value="Oracle Corporation"/>
    <property name="maven.multiModuleProjectDirectory" value="C:\dev\task3\FizzBuzz"/>
    <property name="java.vendor.url" value="http://java.oracle.com/"/>
    <property name="path.separator" value=";"/>
    <property name="guice.disable.misplaced.annotation.check" value="true"/>
    <property name="java.vm.name" value="Java HotSpot(TM) 64-Bit Server VM"/>
    <property name="file.encoding.pkg" value="sun.io"/>
    <property name="user.script" value=""/>
    <property name="user.country" value="GB"/>
    <property name="sun.java.launcher" value="SUN_STANDARD"/>
    <property name="sun.os.patch.level" value="Service Pack 1"/>
    <property name="java.vm.specification.name" value="Java Virtual Machine Specification"/>
    <property name="user.dir" value="C:\dev\task3\FizzBuzz"/>
    <property name="java.runtime.version" value="1.8.0_74-b02"/>
    <property name="java.awt.graphicsenv" value="sun.awt.Win32GraphicsEnvironment"/>
    <property name="java.endorsed.dirs" value="C:\opt\jdk8u74\jre\lib\endorsed"/>
    <property name="os.arch" value="amd64"/>
    <property name="java.io.tmpdir" value="C:\cygwin\tmp\"/>
    <property name="line.separator" value="
"/>
    <property name="java.vm.specification.vendor" value="Oracle Corporation"/>
    <property name="user.variant" value=""/>
    <property name="os.name" value="Windows 7"/>
    <property name="classworlds.conf" value="C:\opt\apache-maven-3.3.9/bin/m2.conf"/>
    <property name="sun.jnu.encoding" value="Cp1252"/>
    <property name="java.library.path" value="C:\opt\jdk8u74\jre\bin;C:\Windows\Sun\Java\bin;C:\Windows\system32;C:\Windows;C:\cygwin\usr\local\bin;C:\cygwin\bin;C:\ProgramData\Oracle\Java\javapath;C:\Program Files\Common Files\Microsoft Shared\Windows Live;C:\Program Files (x86)\Common Files\Microsoft Shared\Windows Live;C:\Windows\system32;C:\Windows;C:\Windows\System32\Wbem;C:\Windows\System32\WindowsPowerShell\v1.0;C:\Program Files\WIDCOMM\Bluetooth Software;C:\Program Files\WIDCOMM\Bluetooth Software\syswow64;C:\Program Files\Broadcom\WHL;C:\Program Files\Broadcom\WHL\syswow64;C:\Program Files\Broadcom\WHL\SysWow64;C:\Program Files\Broadcom\WHL\SysWow64\syswow64;C:\Program Files (x86)\Sony\VAIO Startup Setting Tool;C:\Program Files (x86)\Windows Live\Shared;C:\opt\jdk6u30\bin;C:\dev\APK\dex2jar-0.0.9.8\dex2jar-0.0.9.8;C:\dev\APK;C:\opt\android-sdks\platform-tools;C:\Program Files (x86)\Skype\Phone;C:\cygwin\lib\lapack;C:\opt\jdk8u74\jre;C:\opt\apache-maven-3.3.9\bin;."/>
    <property name="java.specification.name" value="Java Platform API Specification"/>
    <property name="java.class.version" value="52.0"/>
    <property name="sun.management.compiler" value="HotSpot 64-Bit Tiered Compilers"/>
    <property name="os.version" value="6.1"/>
    <property name="user.home" value="C:\Users\root"/>
    <property name="user.timezone" value="Europe/London"/>
    <property name="java.awt.printerjob" value="sun.awt.windows.WPrinterJob"/>
    <property name="java.specification.version" value="1.8"/>
    <property name="file.encoding" value="Cp1252"/>
    <property name="user.name" value="root"/>
    <property name="java.class.path" value="C:\opt\apache-maven-3.3.9/boot/plexus-classworlds-2.5.2.jar"/>
    <property name="java.vm.specification.version" value="1.8"/>
    <property name="sun.arch.data.model" value="64"/>
    <property name="java.home" value="C:\opt\jdk8u74\jre"/>
    <property name="sun.java.command" value="org.codehaus.plexus.classworlds.launcher.Launcher clean install"/>
    <property name="java.specification.vendor" value="Oracle Corporation"/>
    <property name="user.language" value="en"/>
    <property name="awt.toolkit" value="sun.awt.windows.WToolkit"/>
    <property name="java.vm.info" value="mixed mode"/>
    <property name="java.version" value="1.8.0_74"/>
    <property name="java.ext.dirs" value="C:\opt\jdk8u74\jre\lib\ext;C:\Windows\Sun\Java\lib\ext"/>
    <property name="sun.boot.class.path" value="C:\opt\jdk8u74\jre\lib\resources.jar;C:\opt\jdk8u74\jre\lib\rt.jar;C:\opt\jdk8u74\jre\lib\sunrsasign.jar;C:\opt\jdk8u74\jre\lib\jsse.jar;C:\opt\jdk8u74\jre\lib\jce.jar;C:\opt\jdk8u74\jre\lib\charsets.jar;C:\opt\jdk8u74\jre\lib\jfr.jar;C:\opt\jdk8u74\jre\classes"/>
    <property name="java.vendor" value="Oracle Corporation"/>
    <property name="maven.home" value="C:\opt\apache-maven-3.3.9"/>
    <property name="file.separator" value="\"/>
    <property name="java.vendor.url.bug" value="http://bugreport.sun.com/bugreport/"/>
    <property name="sun.cpu.endian" value="little"/>
    <property name="sun.io.unicode.encoding" value="UnicodeLittle"/>
    <property name="sun.desktop" value="windows"/>
    <property name="sun.cpu.isalist" value="amd64"/>
  </properties>
  <testcase classname="orzechp.coding.exercises.FizzBuzzTest" name="testIfReportIsCorrect" time="0.013"/>
  <testcase classname="orzechp.coding.exercises.FizzBuzzTest" name="testIsNumberTrue" time="0"/>
  <testcase classname="orzechp.coding.exercises.FizzBuzzTest" name="testIfFizzBuzzAreMultiplesOf15" time="0"/>
  <testcase classname="orzechp.coding.exercises.FizzBuzzTest" name="testIfTheProgramCoverRangeFromOneToTwenty" time="0"/>
  <testcase classname="orzechp.coding.exercises.FizzBuzzTest" name="testIfNumberContainsThreeThanRetunLucky" time="0"/>
  <testcase classname="orzechp.coding.exercises.FizzBuzzTest" name="testHowManyTimesIntegerOccured" time="0.001"/>
  <testcase classname="orzechp.coding.exercises.FizzBuzzTest" name="testIfOutputIsCorrect" time="0"/>
  <testcase classname="orzechp.coding.exercises.FizzBuzzTest" name="testIfFizzBuzzObjectCreated" time="0"/>
  <testcase classname="orzechp.coding.exercises.FizzBuzzTest" name="testHowManyTimesFizzOccured" time="0"/>
  <testcase classname="orzechp.coding.exercises.FizzBuzzTest" name="testHowManyTimesLuckyOccured" time="0"/>
  <testcase classname="orzechp.coding.exercises.FizzBuzzTest" name="testIfFizzForNumbersAreMultiplesOfThree" time="0"/>
  <testcase classname="orzechp.coding.exercises.FizzBuzzTest" name="testIsNumberFalse" time="0"/>
  <testcase classname="orzechp.coding.exercises.FizzBuzzTest" name="testWhenTheNumbersAreNotMultiplesOfThreeFiveAndFifteen" time="0"/>
  <testcase classname="orzechp.coding.exercises.FizzBuzzTest" name="testHowManyTimesBuzzOccured" time="0"/>
  <testcase classname="orzechp.coding.exercises.FizzBuzzTest" name="testHowManyTimesFizzBuzzOccured" time="0"/>
  <testcase classname="orzechp.coding.exercises.FizzBuzzTest" name="testIfBuzzForNumbersAreMultiplesOfFive" time="0"/>
</testsuite>